2025-06-11 11:22:00 | INFO | repo=2017-course-sys-int-activemq-seminar | action=commit
2025-05-24 12:29:00 | DEBUG | repo=2017-course-sys-int-activemq-seminar | action=commit
2025-03-27 13:01:00 | INFO | repo=2017-course-sys-int-activemq-seminar | action=pull
2025-04-02 15:58:00 | INFO | repo=2017-course-sys-int-activemq-seminar | action=test | passed=true
2025-12-23 07:30:00 | INFO | repo=2017-course-sys-int-activemq-seminar | action=commit
2025-02-27 08:06:00 | INFO | repo=2017-course-sys-int-activemq-seminar | action=pull
2025-12-24 07:03:00 | DEBUG | repo=2017-course-sys-int-activemq-seminar | action=edit | files=5
2025-04-20 19:34:00 | WARN | repo=2017-course-sys-int-activemq-seminar | action=commit
2025-04-02 13:51:00 | WARN | repo=2017-course-sys-int-activemq-seminar | action=commit
2025-05-27 07:04:00 | INFO | repo=2017-course-sys-int-activemq-seminar | action=commit
2025-09-18 12:45:00 | INFO | repo=2017-course-sys-int-activemq-seminar | action=commit
2025-12-16 08:03:00 | DEBUG | repo=2017-course-sys-int-activemq-seminar | action=commit
2025-12-17 10:27:00 | INFO | repo=2017-course-sys-int-activemq-seminar | action=commit
2025-06-14 16:06:00 | DEBUG | repo=2017-course-sys-int-activemq-seminar | action=edit | files=4
2025-10-18 08:41:00 | INFO | repo=2017-course-sys-int-activemq-seminar | action=commit
2025-01-06 07:23:00 | DEBUG | repo=2017-course-sys-int-activemq-seminar | action=pull
2025-07-07 20:40:00 | INFO | repo=2017-course-sys-int-activemq-seminar | action=pull
2025-07-13 12:43:00 | DEBUG | repo=2017-course-sys-int-activemq-seminar | action=commit
2025-12-23 21:24:00 | WARN | repo=2017-course-sys-int-activemq-seminar | action=commit
2025-10-10 13:04:00 | INFO | repo=2017-course-sys-int-activemq-seminar | action=commit
2025-10-02 08:33:00 | WARN | repo=2017-course-sys-int-activemq-seminar | action=commit
2025-06-09 11:37:00 | WARN | repo=2017-course-sys-int-activemq-seminar | action=test | passed=true
2025-08-28 18:51:00 | WARN | repo=2017-course-sys-int-activemq-seminar | action=pull
2025-11-02 08:52:00 | INFO | repo=2017-course-sys-int-activemq-seminar | action=commit
2025-04-01 08:18:00 | INFO | repo=2017-course-sys-int-activemq-seminar | action=test | passed=true
2025-12-01 19:14:00 | INFO | repo=2017-course-sys-int-activemq-seminar | action=pull
2025-10-08 16:04:00 | WARN | repo=2017-course-sys-int-activemq-seminar | action=commit
2025-07-04 16:54:00 | DEBUG | repo=2017-course-sys-int-activemq-seminar | action=commit
2025-09-07 09:43:00 | INFO | repo=2017-course-sys-int-activemq-seminar | action=test | passed=true
2025-05-22 10:10:00 | DEBUG | repo=2017-course-sys-int-activemq-seminar | action=commit
2025-02-22 16:37:00 | INFO | repo=2017-course-sys-int-activemq-seminar | action=commit
2025-05-18 21:34:00 | INFO | repo=2017-course-sys-int-activemq-seminar | action=commit
2025-07-17 14:17:00 | DEBUG | repo=2017-course-sys-int-activemq-seminar | action=commit
2025-01-15 08:59:00 | DEBUG | repo=2017-course-sys-int-activemq-seminar | action=commit
2025-01-02 08:30:00 | DEBUG | repo=2017-course-sys-int-activemq-seminar | action=commit
2025-03-12 13:03:00 | INFO | repo=2017-course-sys-int-activemq-seminar | action=edit | files=2
2025-02-24 07:14:00 | DEBUG | repo=2017-course-sys-int-activemq-seminar | action=commit
2025-09-26 19:42:00 | DEBUG | repo=2017-course-sys-int-activemq-seminar | action=test | passed=true
2025-04-06 08:08:00 | DEBUG | repo=2017-course-sys-int-activemq-seminar | action=commit
2025-03-11 10:06:00 | INFO | repo=2017-course-sys-int-activemq-seminar | action=commit
2025-10-08 17:02:00 | DEBUG | repo=2017-course-sys-int-activemq-seminar | action=test | passed=true
2025-08-05 09:04:00 | WARN | repo=2017-course-sys-int-activemq-seminar | action=commit
2025-02-03 14:05:00 | WARN | repo=2017-course-sys-int-activemq-seminar | action=commit
2025-08-12 16:41:00 | DEBUG | repo=2017-course-sys-int-activemq-seminar | action=commit
2025-12-05 14:57:00 | WARN | repo=2017-course-sys-int-activemq-seminar | action=commit
2025-10-12 15:05:00 | INFO | repo=2017-course-sys-int-activemq-seminar | action=commit
2025-03-24 14:44:00 | DEBUG | repo=2017-course-sys-int-activemq-seminar | action=commit
2025-05-23 08:41:00 | INFO | repo=2017-course-sys-int-activemq-seminar | action=pull
2025-12-07 20:37:00 | INFO | repo=2017-course-sys-int-activemq-seminar | action=commit
2025-10-18 16:31:00 | WARN | repo=2017-course-sys-int-activemq-seminar | action=commit
2025-09-07 19:21:00 | WARN | repo=2017-course-sys-int-activemq-seminar | action=test | passed=true
2025-10-22 08:59:00 | DEBUG | repo=2017-course-sys-int-activemq-seminar | action=commit
2025-05-01 09:51:00 | INFO | repo=2017-course-sys-int-activemq-seminar | action=edit | files=1
2025-06-04 10:09:00 | DEBUG | repo=2017-course-sys-int-activemq-seminar | action=edit | files=3
2025-06-12 19:19:00 | INFO | repo=2017-course-sys-int-activemq-seminar | action=commit
2025-04-17 17:01:00 | DEBUG | repo=2017-course-sys-int-activemq-seminar | action=commit
2025-01-28 13:54:00 | WARN | repo=2017-course-sys-int-activemq-seminar | action=test | passed=true
2025-01-20 19:44:00 | WARN | repo=2017-course-sys-int-activemq-seminar | action=commit
2025-06-04 14:57:00 | DEBUG | repo=2017-course-sys-int-activemq-seminar | action=commit
2025-04-10 11:50:00 | DEBUG | repo=2017-course-sys-int-activemq-seminar | action=pull
2025-04-21 09:39:00 | DEBUG | repo=2017-course-sys-int-activemq-seminar | action=commit
2025-07-21 18:53:00 | DEBUG | repo=2017-course-sys-int-activemq-seminar | action=commit
2025-10-06 18:45:00 | INFO | repo=2017-course-sys-int-activemq-seminar | action=edit | files=2
2025-01-17 21:03:00 | DEBUG | repo=2017-course-sys-int-activemq-seminar | action=commit
2025-06-11 21:17:00 | INFO | repo=2017-course-sys-int-activemq-seminar | action=commit
2025-02-10 09:23:00 | WARN | repo=2017-course-sys-int-activemq-seminar | action=edit | files=5
2025-01-21 16:49:00 | WARN | repo=2017-course-sys-int-activemq-seminar | action=pull
2025-03-26 20:15:00 | INFO | repo=2017-course-sys-int-activemq-seminar | action=edit | files=5
2025-08-03 18:34:00 | INFO | repo=2017-course-sys-int-activemq-seminar | action=commit
2025-05-07 13:49:00 | DEBUG | repo=2017-course-sys-int-activemq-seminar | action=commit
2025-03-24 14:14:00 | DEBUG | repo=2017-course-sys-int-activemq-seminar | action=test | passed=true
2025-02-12 18:48:00 | DEBUG | repo=2017-course-sys-int-activemq-seminar | action=commit
2025-02-21 15:24:00 | INFO | repo=2017-course-sys-int-activemq-seminar | action=pull
2025-09-14 12:28:00 | DEBUG | repo=2017-course-sys-int-activemq-seminar | action=test | passed=true
2025-07-11 18:31:00 | DEBUG | repo=2017-course-sys-int-activemq-seminar | action=edit | files=5
2025-07-02 17:14:00 | WARN | repo=2017-course-sys-int-activemq-seminar | action=commit
2025-01-10 08:33:00 | INFO | repo=2017-course-sys-int-activemq-seminar | action=commit
2025-08-22 07:51:00 | DEBUG | repo=2017-course-sys-int-activemq-seminar | action=commit
2025-10-17 08:43:00 | INFO | repo=2017-course-sys-int-activemq-seminar | action=commit
2025-10-08 19:59:00 | DEBUG | repo=2017-course-sys-int-activemq-seminar | action=commit
2025-10-24 07:44:00 | WARN | repo=2017-course-sys-int-activemq-seminar | action=commit
2025-02-15 08:30:00 | INFO | repo=2017-course-sys-int-activemq-seminar | action=commit
2025-09-03 12:58:00 | DEBUG | repo=2017-course-sys-int-activemq-seminar | action=test | passed=true
2025-04-10 19:24:00 | INFO | repo=2017-course-sys-int-activemq-seminar | action=commit
2025-05-25 16:20:00 | WARN | repo=2017-course-sys-int-activemq-seminar | action=edit | files=3
2025-12-03 20:52:00 | INFO | repo=2017-course-sys-int-activemq-seminar | action=commit
2025-12-08 21:30:00 | WARN | repo=2017-course-sys-int-activemq-seminar | action=pull
2025-09-23 15:28:00 | INFO | repo=2017-course-sys-int-activemq-seminar | action=commit
2025-03-14 18:35:00 | DEBUG | repo=2017-course-sys-int-activemq-seminar | action=commit
2025-09-04 21:27:00 | INFO | repo=2017-course-sys-int-activemq-seminar | action=pull
2025-01-28 19:18:00 | INFO | repo=2017-course-sys-int-activemq-seminar | action=edit | files=4
2025-03-10 17:05:00 | DEBUG | repo=2017-course-sys-int-activemq-seminar | action=commit
2025-01-28 08:09:00 | WARN | repo=2017-course-sys-int-activemq-seminar | action=commit
2025-10-13 18:19:00 | INFO | repo=2017-course-sys-int-activemq-seminar | action=commit
2025-06-18 19:33:00 | INFO | repo=2017-course-sys-int-activemq-seminar | action=commit
2025-05-28 12:27:00 | INFO | repo=2017-course-sys-int-activemq-seminar | action=commit
2025-09-26 13:39:00 | INFO | repo=2017-course-sys-int-activemq-seminar | action=pull
2025-09-27 08:37:00 | WARN | repo=2017-course-sys-int-activemq-seminar | action=commit
2025-04-28 16:09:00 | WARN | repo=2017-course-sys-int-activemq-seminar | action=pull
2025-04-18 08:15:00 | WARN | repo=2017-course-sys-int-activemq-seminar | action=pull
2025-02-13 14:06:00 | WARN | repo=2017-course-sys-int-activemq-seminar | action=commit
2025-09-19 21:40:00 | WARN | repo=2017-course-sys-int-activemq-seminar | action=pull
2025-06-09 14:13:00 | WARN | repo=2017-course-sys-int-activemq-seminar | action=commit
2025-04-09 08:06:00 | INFO | repo=2017-course-sys-int-activemq-seminar | action=pull
2025-05-02 16:28:00 | INFO | repo=2017-course-sys-int-activemq-seminar | action=commit
2025-01-13 16:51:00 | INFO | repo=2017-course-sys-int-activemq-seminar | action=pull
2025-04-13 08:56:00 | INFO | repo=2017-course-sys-int-activemq-seminar | action=edit | files=4
2025-09-02 15:36:00 | INFO | repo=2017-course-sys-int-activemq-seminar | action=commit
2025-12-19 08:09:00 | DEBUG | repo=2017-course-sys-int-activemq-seminar | action=commit
2025-11-08 08:29:00 | INFO | repo=2017-course-sys-int-activemq-seminar | action=commit
2025-12-05 20:51:00 | WARN | repo=2017-course-sys-int-activemq-seminar | action=edit | files=1
2025-11-08 21:28:00 | DEBUG | repo=2017-course-sys-int-activemq-seminar | action=commit
2025-10-21 14:39:00 | WARN | repo=2017-course-sys-int-activemq-seminar | action=test | passed=true
2025-07-10 20:20:00 | INFO | repo=2017-course-sys-int-activemq-seminar | action=commit
2025-01-01 09:39:00 | WARN | repo=2017-course-sys-int-activemq-seminar | action=commit
2025-04-22 07:33:00 | INFO | repo=2017-course-sys-int-activemq-seminar | action=pull
2025-10-01 18:18:00 | WARN | repo=2017-course-sys-int-activemq-seminar | action=commit
2025-01-20 18:44:00 | WARN | repo=2017-course-sys-int-activemq-seminar | action=test | passed=true
2025-11-08 07:17:00 | WARN | repo=2017-course-sys-int-activemq-seminar | action=commit
2025-05-11 19:59:00 | WARN | repo=2017-course-sys-int-activemq-seminar | action=pull
2025-02-13 18:42:00 | DEBUG | repo=2017-course-sys-int-activemq-seminar | action=commit
2025-10-25 20:28:00 | DEBUG | repo=2017-course-sys-int-activemq-seminar | action=commit
2025-06-07 20:37:00 | WARN | repo=2017-course-sys-int-activemq-seminar | action=edit | files=3
2025-11-26 18:39:00 | INFO | repo=2017-course-sys-int-activemq-seminar | action=edit | files=2
2025-11-18 21:24:00 | WARN | repo=2017-course-sys-int-activemq-seminar | action=commit
2025-12-24 16:47:00 | DEBUG | repo=2017-course-sys-int-activemq-seminar | action=edit | files=3
2025-11-07 16:05:00 | DEBUG | repo=2017-course-sys-int-activemq-seminar | action=commit
2025-01-02 08:37:00 | DEBUG | repo=2017-course-sys-int-activemq-seminar | action=pull
2025-06-05 07:53:00 | WARN | repo=2017-course-sys-int-activemq-seminar | action=commit
2025-06-17 15:58:00 | WARN | repo=2017-course-sys-int-activemq-seminar | action=commit
2025-01-06 18:45:00 | INFO | repo=2017-course-sys-int-activemq-seminar | action=commit
2025-02-20 07:38:00 | INFO | repo=2017-course-sys-int-activemq-seminar | action=commit
2025-12-10 19:28:00 | DEBUG | repo=2017-course-sys-int-activemq-seminar | action=commit
2025-01-21 18:58:00 | WARN | repo=2017-course-sys-int-activemq-seminar | action=commit
2025-06-05 11:19:00 | INFO | repo=2017-course-sys-int-activemq-seminar | action=edit | files=3
2025-05-16 20:34:00 | DEBUG | repo=2017-course-sys-int-activemq-seminar | action=commit
2025-03-24 11:48:00 | INFO | repo=2017-course-sys-int-activemq-seminar | action=commit
2025-07-01 11:02:00 | WARN | repo=2017-course-sys-int-activemq-seminar | action=commit
2025-10-24 15:53:00 | WARN | repo=2017-course-sys-int-activemq-seminar | action=edit | files=4
2025-12-18 14:30:00 | INFO | repo=2017-course-sys-int-activemq-seminar | action=test | passed=true
2025-11-01 09:59:00 | INFO | repo=2017-course-sys-int-activemq-seminar | action=pull
2025-07-13 15:13:00 | WARN | repo=2017-course-sys-int-activemq-seminar | action=commit
2025-05-04 14:30:00 | DEBUG | repo=2017-course-sys-int-activemq-seminar | action=commit
2025-01-26 15:17:00 | WARN | repo=2017-course-sys-int-activemq-seminar | action=commit
